* using log directory 'C:/Users/sjobergd/GitHub/starter/revdep/checks/mskRutils/new/mskRutils.Rcheck'
* using R version 4.1.1 (2021-08-10)
* using platform: x86_64-w64-mingw32 (64-bit)
* using session charset: ISO8859-1
* using options '--no-manual --no-build-vignettes'
* checking for file 'mskRutils/DESCRIPTION' ... OK
* this is package 'mskRutils' version '0.4.2'
* package encoding: UTF-8
* checking package namespace information ... OK
* checking package dependencies ... OK
* checking if this is a source package ... OK
* checking if there is a namespace ... OK
* checking for executable files ... OK
* checking for hidden files and directories ... OK
* checking for portable file names ... OK
* checking whether package 'mskRutils' can be installed ... OK
* checking installed package size ... OK
* checking package directory ... OK
* checking DESCRIPTION meta-information ... OK
* checking top-level files ... OK
* checking for left-over files ... OK
* checking index information ... OK
* checking package subdirectories ... OK
* checking R files for non-ASCII characters ... OK
* checking R files for syntax errors ... OK
* checking whether the package can be loaded ... OK
* checking whether the package can be loaded with stated dependencies ... OK
* checking whether the package can be unloaded cleanly ... OK
* checking whether the namespace can be loaded with stated dependencies ... OK
* checking whether the namespace can be unloaded cleanly ... OK
* checking dependencies in R code ... NOTE
Namespaces in Imports field not imported from:
  'here' 'readr'
  All declared Imports should be used.
* checking S3 generic/method consistency ... OK
* checking replacement functions ... OK
* checking foreign function calls ... OK
* checking R code for possible problems ... OK
* checking Rd files ... OK
* checking Rd metadata ... OK
* checking Rd cross-references ... OK
* checking for missing documentation entries ... OK
* checking for code/documentation mismatches ... OK
* checking Rd \usage sections ... OK
* checking Rd contents ... OK
* checking for unstated dependencies in examples ... OK
* checking contents of 'data' directory ... OK
* checking data for non-ASCII characters ... OK
* checking LazyData ... OK
* checking data for ASCII and uncompressed saves ... OK
* checking files in 'vignettes' ... WARNING
Files in the 'vignettes' directory but no files in 'inst/doc':
  'connect_to_github.Rmd', 'create_msk_project.Rmd',
    'figures/GitHub_Desktop_Publish.PNG',
    'figures/GitHub_Desktop_Publish2.PNG',
    'figures/copy-remote-repository-url-quick-setup.png',
    'git_config.Rmd'
* checking examples ... OK
* checking for unstated dependencies in 'tests' ... OK
* checking tests ... OK
  Running 'spelling.R'
  Comparing 'spelling.Rout' to 'spelling.Rout.save' ... OK
  Running 'testthat.R'
* checking for unstated dependencies in vignettes ... OK
* checking package vignettes in 'inst/doc' ... WARNING
dir.exists(dir) is not TRUEdir.exists(dir) is not TRUEdir.exists(dir) is not TRUE
Package vignettes without corresponding single PDF/HTML:
   'connect_to_github.Rmd'
   'create_msk_project.Rmd'
   'git_config.Rmd'

* checking running R code from vignettes ... NONE
  'connect_to_github.Rmd' using 'UTF-8'... OK
  'create_msk_project.Rmd' using 'UTF-8'... OK
  'git_config.Rmd' using 'UTF-8'... OK
* checking re-building of vignette outputs ... SKIPPED
* DONE
Status: 2 WARNINGs, 1 NOTE
